Arguments: 
  /usr/local/bin/node /usr/local/Cellar/yarn/1.22.5/libexec/bin/yarn.js add fontawsome

PATH: 
  ./bin:./node_modules/.bin:/Users/vitor/.pyenv/bin:/Users/vitor/.rbenv/shims:/Users/vitor/.rbenv/bin:/usr/local/bin:/usr/bin:/bin:/usr/sbin:/sbin:./bin:./node_modules/.bin:/Users/vitor/.pyenv/bin:/Users/vitor/.rbenv/shims:/Users/vitor/.rbenv/bin:/usr/local/sbin:/usr/local/sbin

Yarn version: 
  1.22.5

Node version: 
  14.7.0

Platform: 
  darwin x64

Trace: 
  Error: https://registry.yarnpkg.com/fontawsome: Not found
      at Request.params.callback [as _callback] (/usr/local/Cellar/yarn/1.22.5/libexec/lib/cli.js:66988:18)
      at Request.self.callback (/usr/local/Cellar/yarn/1.22.5/libexec/lib/cli.js:140749:22)
      at Request.emit (events.js:314:20)
      at Request.<anonymous> (/usr/local/Cellar/yarn/1.22.5/libexec/lib/cli.js:141721:10)
      at Request.emit (events.js:314:20)
      at IncomingMessage.<anonymous> (/usr/local/Cellar/yarn/1.22.5/libexec/lib/cli.js:141643:12)
      at Object.onceWrapper (events.js:420:28)
      at IncomingMessage.emit (events.js:326:22)
      at endReadableNT (_stream_readable.js:1244:12)
      at processTicksAndRejections (internal/process/task_queues.js:80:21)

npm manifest: 
  No manifest

yarn manifest: 
  No manifest

Lockfile: 
  No lockfile
